unzpriv.h(1050): Error! E1022: Missing or misspelled data type near 'ulg'
unzpriv.h(1051): Error! E1022: Missing or misspelled data type near 'ulg'
unzpriv.h(1084): Error! E1022: Missing or misspelled data type near 'uch'
unzpriv.h(1085): Error! E1022: Missing or misspelled data type near 'uch'
unzpriv.h(1087): Error! E1022: Missing or misspelled data type near 'uch'
unzpriv.h(1088): Error! E1098: Maximum struct or union size is 64K
unzpriv.h(1104): Error! E1022: Missing or misspelled data type near 'uch'
unzpriv.h(1117): Error! E1022: Missing or misspelled data type near 'uch'
unzpriv.h(1137): Error! E1022: Missing or misspelled data type near 'uch'
unzpriv.h(1149): Error! E1022: Missing or misspelled data type near 'uch'
unzpriv.h(1150): Error! E1022: Missing or misspelled data type near 'ush'
unzpriv.h(1151): Error! E1022: Missing or misspelled data type near 'ush'
unzpriv.h(1152): Error! E1022: Missing or misspelled data type near 'ush'
unzpriv.h(1153): Error! E1022: Missing or misspelled data type near 'ush'
unzpriv.h(1154): Error! E1022: Missing or misspelled data type near 'ulg'
unzpriv.h(1155): Error! E1022: Missing or misspelled data type near 'ulg'
unzpriv.h(1156): Error! E1022: Missing or misspelled data type near 'ulg'
unzpriv.h(1157): Error! E1022: Missing or misspelled data type near 'ush'
unzpriv.h(1158): Error! E1022: Missing or misspelled data type near 'ush'
unzpriv.h(1183): Error! E1022: Missing or misspelled data type near 'ush'
unzpriv.h(1184): Error! E1147: Too many errors: compilation aborted
